Build started 26/02/2016 09:40:55.
     1>Project "c:\Users\tomerag\documents\visual studio 2013\Projects\TirgulCPP-1\TirgulCPP-1\TirgulCPP-1.vcxproj" on node 2 (Build target(s)).
     1>ClCompile:
         C:\Program Files (x86)\Microsoft Visual Studio 12.0\VC\bin\CL.exe /c /ZI /nologo /W3 /WX- /Od /Oy- /D WIN32 /D _DEBUG /D _CONSOLE /D _LIB /D _UNICODE /D UNICODE /Gm /EHsc /RTC1 /MDd /GS /fp:precise /Zc:wchar_t /Zc:forScope /Fo"Debug\\" /Fd"Debug\vc120.pdb" /Gd /TP /analyze- /errorReport:prompt q2.cpp q2_main.cpp
         q2.cpp
     1>c:\users\tomerag\documents\visual studio 2013\projects\tirgulcpp-1\tirgulcpp-1\q2.cpp(6): warning C4996: 'strcpy': This function or variable may be unsafe. Consider using strcpy_s instead. To disable deprecation, use _CRT_SECURE_NO_WARNINGS. See online help for details.
                 c:\program files (x86)\microsoft visual studio 12.0\vc\include\string.h(112) : see declaration of 'strcpy'
     1>c:\users\tomerag\documents\visual studio 2013\projects\tirgulcpp-1\tirgulcpp-1\q2.cpp(8): warning C4996: 'strcat': This function or variable may be unsafe. Consider using strcat_s instead. To disable deprecation, use _CRT_SECURE_NO_WARNINGS. See online help for details.
                 c:\program files (x86)\microsoft visual studio 12.0\vc\include\string.h(118) : see declaration of 'strcat'
     1>c:\users\tomerag\documents\visual studio 2013\projects\tirgulcpp-1\tirgulcpp-1\q2.cpp(10): warning C4996: 'strcat': This function or variable may be unsafe. Consider using strcat_s instead. To disable deprecation, use _CRT_SECURE_NO_WARNINGS. See online help for details.
                 c:\program files (x86)\microsoft visual studio 12.0\vc\include\string.h(118) : see declaration of 'strcat'
         Generating Code...
         Compiling...
         q2_main.cpp
         Generating Code...
       Link:
         C:\Program Files (x86)\Microsoft Visual Studio 12.0\VC\bin\link.exe /ERRORREPORT:PROMPT /OUT:"c:\users\tomerag\documents\visual studio 2013\Projects\TirgulCPP-1\Debug\TirgulCPP-1.exe" /INCREMENTAL /NOLOGO kernel32.lib user32.lib gdi32.lib winspool.lib comdlg32.lib advapi32.lib shell32.lib ole32.lib oleaut32.lib uuid.lib odbc32.lib odbccp32.lib /MANIFEST /MANIFESTUAC:"level='asInvoker' uiAccess='false'" /manifest:embed /DEBUG /PDB:"c:\users\tomerag\documents\visual studio 2013\Projects\TirgulCPP-1\Debug\TirgulCPP-1.pdb" /SUBSYSTEM:CONSOLE /TLBID:1 /DYNAMICBASE /NXCOMPAT /IMPLIB:"c:\users\tomerag\documents\visual studio 2013\Projects\TirgulCPP-1\Debug\TirgulCPP-1.lib" /MACHINE:X86 Debug\q2.obj
         Debug\q2_main.obj
         TirgulCPP-1.vcxproj -> c:\users\tomerag\documents\visual studio 2013\Projects\TirgulCPP-1\Debug\TirgulCPP-1.exe
     1>Done Building Project "c:\Users\tomerag\documents\visual studio 2013\Projects\TirgulCPP-1\TirgulCPP-1\TirgulCPP-1.vcxproj" (Build target(s)).

Build succeeded.

Time Elapsed 00:00:00.88
